

Processing HomeController#index (for 192.168.2.6 at 2009-11-15 19:03:50) [GET]


Processing HomeController#index (for 192.168.2.6 at 2009-11-15 19:03:50) [GET]


Mysql::Error (Access denied for user 'root'@'localhost' (using password: NO)):
    /usr/lib/ruby/gems/1.8/gems/activerecord-2.2.2/lib/active_record/connection_adapters/mysql_adapter.rb:548:in `real_connect'
    /usr/lib/ruby/gems/1.8/gems/activerecord-2.2.2/lib/active_record/connection_adapters/mysql_adapter.rb:548:in `connect'
    /usr/lib/ruby/gems/1.8/gems/activerecord-2.2.2/lib/active_record/connection_adapters/mysql_adapter.rb:198:in `initialize'
    /usr/lib/ruby/gems/1.8/gems/activerecord-2.2.2/lib/active_record/connection_adapters/mysql_adapter.rb:74:in `new'
    /usr/lib/ruby/gems/1.8/gems/activerecord-2.2.2/lib/active_record/connection_adapters/mysql_adapter.rb:74:in `mysql_connection'
    /usr/lib/ruby/gems/1.8/gems/activerecord-2.2.2/lib/active_record/connection_adapters/abstract/connection_pool.rb:223:in `send'
    /usr/lib/ruby/gems/1.8/gems/activerecord-2.2.2/lib/active_record/connection_adapters/abstract/connection_pool.rb:223:in `new_connection'
    /usr/lib/ruby/gems/1.8/gems/activerecord-2.2.2/lib/active_record/connection_adapters/abstract/connection_pool.rb:245:in `checkout_new_connection'
    /usr/lib/ruby/gems/1.8/gems/activerecord-2.2.2/lib/active_record/connection_adapters/abstract/connection_pool.rb:188:in `checkout'
    /usr/lib/ruby/gems/1.8/gems/activerecord-2.2.2/lib/active_record/connection_adapters/abstract/connection_pool.rb:184:in `loop'
    /usr/lib/ruby/gems/1.8/gems/activerecord-2.2.2/lib/active_record/connection_adapters/abstract/connection_pool.rb:184:in `checkout'
    /usr/lib/ruby/1.8/monitor.rb:242:in `synchronize'
    /usr/lib/ruby/gems/1.8/gems/activerecord-2.2.2/lib/active_record/connection_adapters/abstract/connection_pool.rb:183:in `checkout'
    /usr/lib/ruby/gems/1.8/gems/activerecord-2.2.2/lib/active_record/connection_adapters/abstract/connection_pool.rb:98:in `connection'
    /usr/lib/ruby/gems/1.8/gems/activerecord-2.2.2/lib/active_record/connection_adapters/abstract/connection_pool.rb:326:in `retrieve_connection'
    /usr/lib/ruby/gems/1.8/gems/activerecord-2.2.2/lib/active_record/connection_adapters/abstract/connection_specification.rb:121:in `retrieve_connection'
    /usr/lib/ruby/gems/1.8/gems/activerecord-2.2.2/lib/active_record/connection_adapters/abstract/connection_specification.rb:113:in `connection'
    /usr/lib/ruby/gems/1.8/gems/activerecord-2.2.2/lib/active_record/query_cache.rb:8:in `cache'
    /usr/lib/ruby/gems/1.8/gems/actionpack-2.2.2/lib/action_controller/caching/sql_cache.rb:12:in `passenger_orig_perform_action'
    /home/joey/.gem/ruby/1.8/gems/passenger-2.2.5/lib/phusion_passenger/railz/request_handler.rb:65:in `perform_action'
    /usr/lib/ruby/gems/1.8/gems/actionpack-2.2.2/lib/action_controller/base.rb:524:in `send'
    /usr/lib/ruby/gems/1.8/gems/actionpack-2.2.2/lib/action_controller/base.rb:524:in `process_without_filters'
    /usr/lib/ruby/gems/1.8/gems/actionpack-2.2.2/lib/action_controller/filters.rb:606:in `process_without_session_management_support'
    /usr/lib/ruby/gems/1.8/gems/actionpack-2.2.2/lib/action_controller/session_management.rb:134:in `process'
    /usr/lib/ruby/gems/1.8/gems/actionpack-2.2.2/lib/action_controller/base.rb:392:in `process'
    /usr/lib/ruby/gems/1.8/gems/actionpack-2.2.2/lib/action_controller/dispatcher.rb:183:in `handle_request'
    /usr/lib/ruby/gems/1.8/gems/actionpack-2.2.2/lib/action_controller/dispatcher.rb:110:in `dispatch_unlocked'
    /usr/lib/ruby/gems/1.8/gems/actionpack-2.2.2/lib/action_controller/dispatcher.rb:123:in `dispatch'
    /usr/lib/ruby/gems/1.8/gems/actionpack-2.2.2/lib/action_controller/dispatcher.rb:122:in `synchronize'
    /usr/lib/ruby/gems/1.8/gems/actionpack-2.2.2/lib/action_controller/dispatcher.rb:122:in `dispatch'
    /usr/lib/ruby/gems/1.8/gems/actionpack-2.2.2/lib/action_controller/dispatcher.rb:132:in `dispatch_cgi'
    /usr/lib/ruby/gems/1.8/gems/actionpack-2.2.2/lib/action_controller/dispatcher.rb:39:in `dispatch'
    /home/joey/.gem/ruby/1.8/gems/passenger-2.2.5/lib/phusion_passenger/railz/request_handler.rb:50:in `process_request'
    /home/joey/.gem/ruby/1.8/gems/passenger-2.2.5/lib/phusion_passenger/abstract_request_handler.rb:207:in `main_loop'
    /home/joey/.gem/ruby/1.8/gems/passenger-2.2.5/lib/phusion_passenger/railz/application_spawner.rb:378:in `start_request_handler'
    /home/joey/.gem/ruby/1.8/gems/passenger-2.2.5/lib/phusion_passenger/railz/application_spawner.rb:336:in `handle_spawn_application'
    /home/joey/.gem/ruby/1.8/gems/passenger-2.2.5/lib/phusion_passenger/utils.rb:183:in `safe_fork'
    /home/joey/.gem/ruby/1.8/gems/passenger-2.2.5/lib/phusion_passenger/railz/application_spawner.rb:334:in `handle_spawn_application'
    /home/joey/.gem/ruby/1.8/gems/passenger-2.2.5/lib/phusion_passenger/abstract_server.rb:352:in `__send__'
    /home/joey/.gem/ruby/1.8/gems/passenger-2.2.5/lib/phusion_passenger/abstract_server.rb:352:in `main_loop'
    /home/joey/.gem/ruby/1.8/gems/passenger-2.2.5/lib/phusion_passenger/abstract_server.rb:196:in `start_synchronously'
    /home/joey/.gem/ruby/1.8/gems/passenger-2.2.5/lib/phusion_passenger/abstract_server.rb:163:in `start'
    /home/joey/.gem/ruby/1.8/gems/passenger-2.2.5/lib/phusion_passenger/railz/application_spawner.rb:213:in `start'
    /home/joey/.gem/ruby/1.8/gems/passenger-2.2.5/lib/phusion_passenger/spawn_manager.rb:262:in `spawn_rails_application'
    /home/joey/.gem/ruby/1.8/gems/passenger-2.2.5/lib/phusion_passenger/abstract_server_collection.rb:126:in `lookup_or_add'
    /home/joey/.gem/ruby/1.8/gems/passenger-2.2.5/lib/phusion_passenger/spawn_manager.rb:256:in `spawn_rails_application'
    /home/joey/.gem/ruby/1.8/gems/passenger-2.2.5/lib/phusion_passenger/abstract_server_collection.rb:80:in `synchronize'
    /home/joey/.gem/ruby/1.8/gems/passenger-2.2.5/lib/phusion_passenger/abstract_server_collection.rb:79:in `synchronize'
    /home/joey/.gem/ruby/1.8/gems/passenger-2.2.5/lib/phusion_passenger/spawn_manager.rb:255:in `spawn_rails_application'
    /home/joey/.gem/ruby/1.8/gems/passenger-2.2.5/lib/phusion_passenger/spawn_manager.rb:154:in `spawn_application'
    /home/joey/.gem/ruby/1.8/gems/passenger-2.2.5/lib/phusion_passenger/spawn_manager.rb:287:in `handle_spawn_application'
    /home/joey/.gem/ruby/1.8/gems/passenger-2.2.5/lib/phusion_passenger/abstract_server.rb:352:in `__send__'
    /home/joey/.gem/ruby/1.8/gems/passenger-2.2.5/lib/phusion_passenger/abstract_server.rb:352:in `main_loop'
    /home/joey/.gem/ruby/1.8/gems/passenger-2.2.5/lib/phusion_passenger/abstract_server.rb:196:in `start_synchronously'
    /home/joey/.gem/ruby/1.8/gems/passenger-2.2.5/bin/passenger-spawn-server:61

Rendering /home/joey/ror/chores/public/500.html (500 Internal Server Error)


Processing HomeController#index (for 192.168.2.6 at 2009-11-15 19:04:04) [GET]


Processing HomeController#index (for 192.168.2.6 at 2009-11-15 19:04:04) [GET]


Mysql::Error (Access denied for user 'root'@'localhost' (using password: NO)):
    /usr/lib/ruby/gems/1.8/gems/activerecord-2.2.2/lib/active_record/connection_adapters/mysql_adapter.rb:548:in `real_connect'
    /usr/lib/ruby/gems/1.8/gems/activerecord-2.2.2/lib/active_record/connection_adapters/mysql_adapter.rb:548:in `connect'
    /usr/lib/ruby/gems/1.8/gems/activerecord-2.2.2/lib/active_record/connection_adapters/mysql_adapter.rb:198:in `initialize'
    /usr/lib/ruby/gems/1.8/gems/activerecord-2.2.2/lib/active_record/connection_adapters/mysql_adapter.rb:74:in `new'
    /usr/lib/ruby/gems/1.8/gems/activerecord-2.2.2/lib/active_record/connection_adapters/mysql_adapter.rb:74:in `mysql_connection'
    /usr/lib/ruby/gems/1.8/gems/activerecord-2.2.2/lib/active_record/connection_adapters/abstract/connection_pool.rb:223:in `send'
    /usr/lib/ruby/gems/1.8/gems/activerecord-2.2.2/lib/active_record/connection_adapters/abstract/connection_pool.rb:223:in `new_connection'
    /usr/lib/ruby/gems/1.8/gems/activerecord-2.2.2/lib/active_record/connection_adapters/abstract/connection_pool.rb:245:in `checkout_new_connection'
    /usr/lib/ruby/gems/1.8/gems/activerecord-2.2.2/lib/active_record/connection_adapters/abstract/connection_pool.rb:188:in `checkout'
    /usr/lib/ruby/gems/1.8/gems/activerecord-2.2.2/lib/active_record/connection_adapters/abstract/connection_pool.rb:184:in `loop'
    /usr/lib/ruby/gems/1.8/gems/activerecord-2.2.2/lib/active_record/connection_adapters/abstract/connection_pool.rb:184:in `checkout'
    /usr/lib/ruby/1.8/monitor.rb:242:in `synchronize'
    /usr/lib/ruby/gems/1.8/gems/activerecord-2.2.2/lib/active_record/connection_adapters/abstract/connection_pool.rb:183:in `checkout'
    /usr/lib/ruby/gems/1.8/gems/activerecord-2.2.2/lib/active_record/connection_adapters/abstract/connection_pool.rb:98:in `connection'
    /usr/lib/ruby/gems/1.8/gems/activerecord-2.2.2/lib/active_record/connection_adapters/abstract/connection_pool.rb:326:in `retrieve_connection'
    /usr/lib/ruby/gems/1.8/gems/activerecord-2.2.2/lib/active_record/connection_adapters/abstract/connection_specification.rb:121:in `retrieve_connection'
    /usr/lib/ruby/gems/1.8/gems/activerecord-2.2.2/lib/active_record/connection_adapters/abstract/connection_specification.rb:113:in `connection'
    /usr/lib/ruby/gems/1.8/gems/activerecord-2.2.2/lib/active_record/query_cache.rb:8:in `cache'
    /usr/lib/ruby/gems/1.8/gems/actionpack-2.2.2/lib/action_controller/caching/sql_cache.rb:12:in `passenger_orig_perform_action'
    /home/joey/.gem/ruby/1.8/gems/passenger-2.2.5/lib/phusion_passenger/railz/request_handler.rb:65:in `perform_action'
    /usr/lib/ruby/gems/1.8/gems/actionpack-2.2.2/lib/action_controller/base.rb:524:in `send'
    /usr/lib/ruby/gems/1.8/gems/actionpack-2.2.2/lib/action_controller/base.rb:524:in `process_without_filters'
    /usr/lib/ruby/gems/1.8/gems/actionpack-2.2.2/lib/action_controller/filters.rb:606:in `process_without_session_management_support'
    /usr/lib/ruby/gems/1.8/gems/actionpack-2.2.2/lib/action_controller/session_management.rb:134:in `process'
    /usr/lib/ruby/gems/1.8/gems/actionpack-2.2.2/lib/action_controller/base.rb:392:in `process'
    /usr/lib/ruby/gems/1.8/gems/actionpack-2.2.2/lib/action_controller/dispatcher.rb:183:in `handle_request'
    /usr/lib/ruby/gems/1.8/gems/actionpack-2.2.2/lib/action_controller/dispatcher.rb:110:in `dispatch_unlocked'
    /usr/lib/ruby/gems/1.8/gems/actionpack-2.2.2/lib/action_controller/dispatcher.rb:123:in `dispatch'
    /usr/lib/ruby/gems/1.8/gems/actionpack-2.2.2/lib/action_controller/dispatcher.rb:122:in `synchronize'
    /usr/lib/ruby/gems/1.8/gems/actionpack-2.2.2/lib/action_controller/dispatcher.rb:122:in `dispatch'
    /usr/lib/ruby/gems/1.8/gems/actionpack-2.2.2/lib/action_controller/dispatcher.rb:132:in `dispatch_cgi'
    /usr/lib/ruby/gems/1.8/gems/actionpack-2.2.2/lib/action_controller/dispatcher.rb:39:in `dispatch'
    /home/joey/.gem/ruby/1.8/gems/passenger-2.2.5/lib/phusion_passenger/railz/request_handler.rb:50:in `process_request'
    /home/joey/.gem/ruby/1.8/gems/passenger-2.2.5/lib/phusion_passenger/abstract_request_handler.rb:207:in `main_loop'
    /home/joey/.gem/ruby/1.8/gems/passenger-2.2.5/lib/phusion_passenger/railz/application_spawner.rb:378:in `start_request_handler'
    /home/joey/.gem/ruby/1.8/gems/passenger-2.2.5/lib/phusion_passenger/railz/application_spawner.rb:336:in `handle_spawn_application'
    /home/joey/.gem/ruby/1.8/gems/passenger-2.2.5/lib/phusion_passenger/utils.rb:183:in `safe_fork'
    /home/joey/.gem/ruby/1.8/gems/passenger-2.2.5/lib/phusion_passenger/railz/application_spawner.rb:334:in `handle_spawn_application'
    /home/joey/.gem/ruby/1.8/gems/passenger-2.2.5/lib/phusion_passenger/abstract_server.rb:352:in `__send__'
    /home/joey/.gem/ruby/1.8/gems/passenger-2.2.5/lib/phusion_passenger/abstract_server.rb:352:in `main_loop'
    /home/joey/.gem/ruby/1.8/gems/passenger-2.2.5/lib/phusion_passenger/abstract_server.rb:196:in `start_synchronously'
    /home/joey/.gem/ruby/1.8/gems/passenger-2.2.5/lib/phusion_passenger/abstract_server.rb:163:in `start'
    /home/joey/.gem/ruby/1.8/gems/passenger-2.2.5/lib/phusion_passenger/railz/application_spawner.rb:213:in `start'
    /home/joey/.gem/ruby/1.8/gems/passenger-2.2.5/lib/phusion_passenger/spawn_manager.rb:262:in `spawn_rails_application'
    /home/joey/.gem/ruby/1.8/gems/passenger-2.2.5/lib/phusion_passenger/abstract_server_collection.rb:126:in `lookup_or_add'
    /home/joey/.gem/ruby/1.8/gems/passenger-2.2.5/lib/phusion_passenger/spawn_manager.rb:256:in `spawn_rails_application'
    /home/joey/.gem/ruby/1.8/gems/passenger-2.2.5/lib/phusion_passenger/abstract_server_collection.rb:80:in `synchronize'
    /home/joey/.gem/ruby/1.8/gems/passenger-2.2.5/lib/phusion_passenger/abstract_server_collection.rb:79:in `synchronize'
    /home/joey/.gem/ruby/1.8/gems/passenger-2.2.5/lib/phusion_passenger/spawn_manager.rb:255:in `spawn_rails_application'
    /home/joey/.gem/ruby/1.8/gems/passenger-2.2.5/lib/phusion_passenger/spawn_manager.rb:154:in `spawn_application'
    /home/joey/.gem/ruby/1.8/gems/passenger-2.2.5/lib/phusion_passenger/spawn_manager.rb:287:in `handle_spawn_application'
    /home/joey/.gem/ruby/1.8/gems/passenger-2.2.5/lib/phusion_passenger/abstract_server.rb:352:in `__send__'
    /home/joey/.gem/ruby/1.8/gems/passenger-2.2.5/lib/phusion_passenger/abstract_server.rb:352:in `main_loop'
    /home/joey/.gem/ruby/1.8/gems/passenger-2.2.5/lib/phusion_passenger/abstract_server.rb:196:in `start_synchronously'
    /home/joey/.gem/ruby/1.8/gems/passenger-2.2.5/bin/passenger-spawn-server:61

Rendering /home/joey/ror/chores/public/500.html (500 Internal Server Error)


Processing HomeController#index (for 192.168.2.6 at 2009-11-15 19:04:34) [GET]


Processing HomeController#index (for 192.168.2.6 at 2009-11-15 19:04:34) [GET]


Mysql::Error (Access denied for user 'root'@'localhost' (using password: NO)):
    /usr/lib/ruby/gems/1.8/gems/activerecord-2.2.2/lib/active_record/connection_adapters/mysql_adapter.rb:548:in `real_connect'
    /usr/lib/ruby/gems/1.8/gems/activerecord-2.2.2/lib/active_record/connection_adapters/mysql_adapter.rb:548:in `connect'
    /usr/lib/ruby/gems/1.8/gems/activerecord-2.2.2/lib/active_record/connection_adapters/mysql_adapter.rb:198:in `initialize'
    /usr/lib/ruby/gems/1.8/gems/activerecord-2.2.2/lib/active_record/connection_adapters/mysql_adapter.rb:74:in `new'
    /usr/lib/ruby/gems/1.8/gems/activerecord-2.2.2/lib/active_record/connection_adapters/mysql_adapter.rb:74:in `mysql_connection'
    /usr/lib/ruby/gems/1.8/gems/activerecord-2.2.2/lib/active_record/connection_adapters/abstract/connection_pool.rb:223:in `send'
    /usr/lib/ruby/gems/1.8/gems/activerecord-2.2.2/lib/active_record/connection_adapters/abstract/connection_pool.rb:223:in `new_connection'
    /usr/lib/ruby/gems/1.8/gems/activerecord-2.2.2/lib/active_record/connection_adapters/abstract/connection_pool.rb:245:in `checkout_new_connection'
    /usr/lib/ruby/gems/1.8/gems/activerecord-2.2.2/lib/active_record/connection_adapters/abstract/connection_pool.rb:188:in `checkout'
    /usr/lib/ruby/gems/1.8/gems/activerecord-2.2.2/lib/active_record/connection_adapters/abstract/connection_pool.rb:184:in `loop'
    /usr/lib/ruby/gems/1.8/gems/activerecord-2.2.2/lib/active_record/connection_adapters/abstract/connection_pool.rb:184:in `checkout'
    /usr/lib/ruby/1.8/monitor.rb:242:in `synchronize'
    /usr/lib/ruby/gems/1.8/gems/activerecord-2.2.2/lib/active_record/connection_adapters/abstract/connection_pool.rb:183:in `checkout'
    /usr/lib/ruby/gems/1.8/gems/activerecord-2.2.2/lib/active_record/connection_adapters/abstract/connection_pool.rb:98:in `connection'
    /usr/lib/ruby/gems/1.8/gems/activerecord-2.2.2/lib/active_record/connection_adapters/abstract/connection_pool.rb:326:in `retrieve_connection'
    /usr/lib/ruby/gems/1.8/gems/activerecord-2.2.2/lib/active_record/connection_adapters/abstract/connection_specification.rb:121:in `retrieve_connection'
    /usr/lib/ruby/gems/1.8/gems/activerecord-2.2.2/lib/active_record/connection_adapters/abstract/connection_specification.rb:113:in `connection'
    /usr/lib/ruby/gems/1.8/gems/activerecord-2.2.2/lib/active_record/query_cache.rb:8:in `cache'
    /usr/lib/ruby/gems/1.8/gems/actionpack-2.2.2/lib/action_controller/caching/sql_cache.rb:12:in `passenger_orig_perform_action'
    /home/joey/.gem/ruby/1.8/gems/passenger-2.2.5/lib/phusion_passenger/railz/request_handler.rb:65:in `perform_action'
    /usr/lib/ruby/gems/1.8/gems/actionpack-2.2.2/lib/action_controller/base.rb:524:in `send'
    /usr/lib/ruby/gems/1.8/gems/actionpack-2.2.2/lib/action_controller/base.rb:524:in `process_without_filters'
    /usr/lib/ruby/gems/1.8/gems/actionpack-2.2.2/lib/action_controller/filters.rb:606:in `process_without_session_management_support'
    /usr/lib/ruby/gems/1.8/gems/actionpack-2.2.2/lib/action_controller/session_management.rb:134:in `process'
    /usr/lib/ruby/gems/1.8/gems/actionpack-2.2.2/lib/action_controller/base.rb:392:in `process'
    /usr/lib/ruby/gems/1.8/gems/actionpack-2.2.2/lib/action_controller/dispatcher.rb:183:in `handle_request'
    /usr/lib/ruby/gems/1.8/gems/actionpack-2.2.2/lib/action_controller/dispatcher.rb:110:in `dispatch_unlocked'
    /usr/lib/ruby/gems/1.8/gems/actionpack-2.2.2/lib/action_controller/dispatcher.rb:123:in `dispatch'
    /usr/lib/ruby/gems/1.8/gems/actionpack-2.2.2/lib/action_controller/dispatcher.rb:122:in `synchronize'
    /usr/lib/ruby/gems/1.8/gems/actionpack-2.2.2/lib/action_controller/dispatcher.rb:122:in `dispatch'
    /usr/lib/ruby/gems/1.8/gems/actionpack-2.2.2/lib/action_controller/dispatcher.rb:132:in `dispatch_cgi'
    /usr/lib/ruby/gems/1.8/gems/actionpack-2.2.2/lib/action_controller/dispatcher.rb:39:in `dispatch'
    /home/joey/.gem/ruby/1.8/gems/passenger-2.2.5/lib/phusion_passenger/railz/request_handler.rb:50:in `process_request'
    /home/joey/.gem/ruby/1.8/gems/passenger-2.2.5/lib/phusion_passenger/abstract_request_handler.rb:207:in `main_loop'
    /home/joey/.gem/ruby/1.8/gems/passenger-2.2.5/lib/phusion_passenger/railz/application_spawner.rb:378:in `start_request_handler'
    /home/joey/.gem/ruby/1.8/gems/passenger-2.2.5/lib/phusion_passenger/railz/application_spawner.rb:336:in `handle_spawn_application'
    /home/joey/.gem/ruby/1.8/gems/passenger-2.2.5/lib/phusion_passenger/utils.rb:183:in `safe_fork'
    /home/joey/.gem/ruby/1.8/gems/passenger-2.2.5/lib/phusion_passenger/railz/application_spawner.rb:334:in `handle_spawn_application'
    /home/joey/.gem/ruby/1.8/gems/passenger-2.2.5/lib/phusion_passenger/abstract_server.rb:352:in `__send__'
    /home/joey/.gem/ruby/1.8/gems/passenger-2.2.5/lib/phusion_passenger/abstract_server.rb:352:in `main_loop'
    /home/joey/.gem/ruby/1.8/gems/passenger-2.2.5/lib/phusion_passenger/abstract_server.rb:196:in `start_synchronously'
    /home/joey/.gem/ruby/1.8/gems/passenger-2.2.5/lib/phusion_passenger/abstract_server.rb:163:in `start'
    /home/joey/.gem/ruby/1.8/gems/passenger-2.2.5/lib/phusion_passenger/railz/application_spawner.rb:213:in `start'
    /home/joey/.gem/ruby/1.8/gems/passenger-2.2.5/lib/phusion_passenger/spawn_manager.rb:262:in `spawn_rails_application'
    /home/joey/.gem/ruby/1.8/gems/passenger-2.2.5/lib/phusion_passenger/abstract_server_collection.rb:126:in `lookup_or_add'
    /home/joey/.gem/ruby/1.8/gems/passenger-2.2.5/lib/phusion_passenger/spawn_manager.rb:256:in `spawn_rails_application'
    /home/joey/.gem/ruby/1.8/gems/passenger-2.2.5/lib/phusion_passenger/abstract_server_collection.rb:80:in `synchronize'
    /home/joey/.gem/ruby/1.8/gems/passenger-2.2.5/lib/phusion_passenger/abstract_server_collection.rb:79:in `synchronize'
    /home/joey/.gem/ruby/1.8/gems/passenger-2.2.5/lib/phusion_passenger/spawn_manager.rb:255:in `spawn_rails_application'
    /home/joey/.gem/ruby/1.8/gems/passenger-2.2.5/lib/phusion_passenger/spawn_manager.rb:154:in `spawn_application'
    /home/joey/.gem/ruby/1.8/gems/passenger-2.2.5/lib/phusion_passenger/spawn_manager.rb:287:in `handle_spawn_application'
    /home/joey/.gem/ruby/1.8/gems/passenger-2.2.5/lib/phusion_passenger/abstract_server.rb:352:in `__send__'
    /home/joey/.gem/ruby/1.8/gems/passenger-2.2.5/lib/phusion_passenger/abstract_server.rb:352:in `main_loop'
    /home/joey/.gem/ruby/1.8/gems/passenger-2.2.5/lib/phusion_passenger/abstract_server.rb:196:in `start_synchronously'
    /home/joey/.gem/ruby/1.8/gems/passenger-2.2.5/bin/passenger-spawn-server:61

Rendering /home/joey/ror/chores/public/500.html (500 Internal Server Error)


Processing HomeController#index (for 192.168.2.6 at 2009-11-15 19:04:53) [GET]


Processing HomeController#index (for 192.168.2.6 at 2009-11-15 19:04:53) [GET]


Mysql::Error (Access denied for user 'root'@'localhost' (using password: NO)):
    /usr/lib/ruby/gems/1.8/gems/activerecord-2.2.2/lib/active_record/connection_adapters/mysql_adapter.rb:548:in `real_connect'
    /usr/lib/ruby/gems/1.8/gems/activerecord-2.2.2/lib/active_record/connection_adapters/mysql_adapter.rb:548:in `connect'
    /usr/lib/ruby/gems/1.8/gems/activerecord-2.2.2/lib/active_record/connection_adapters/mysql_adapter.rb:198:in `initialize'
    /usr/lib/ruby/gems/1.8/gems/activerecord-2.2.2/lib/active_record/connection_adapters/mysql_adapter.rb:74:in `new'
    /usr/lib/ruby/gems/1.8/gems/activerecord-2.2.2/lib/active_record/connection_adapters/mysql_adapter.rb:74:in `mysql_connection'
    /usr/lib/ruby/gems/1.8/gems/activerecord-2.2.2/lib/active_record/connection_adapters/abstract/connection_pool.rb:223:in `send'
    /usr/lib/ruby/gems/1.8/gems/activerecord-2.2.2/lib/active_record/connection_adapters/abstract/connection_pool.rb:223:in `new_connection'
    /usr/lib/ruby/gems/1.8/gems/activerecord-2.2.2/lib/active_record/connection_adapters/abstract/connection_pool.rb:245:in `checkout_new_connection'
    /usr/lib/ruby/gems/1.8/gems/activerecord-2.2.2/lib/active_record/connection_adapters/abstract/connection_pool.rb:188:in `checkout'
    /usr/lib/ruby/gems/1.8/gems/activerecord-2.2.2/lib/active_record/connection_adapters/abstract/connection_pool.rb:184:in `loop'
    /usr/lib/ruby/gems/1.8/gems/activerecord-2.2.2/lib/active_record/connection_adapters/abstract/connection_pool.rb:184:in `checkout'
    /usr/lib/ruby/1.8/monitor.rb:242:in `synchronize'
    /usr/lib/ruby/gems/1.8/gems/activerecord-2.2.2/lib/active_record/connection_adapters/abstract/connection_pool.rb:183:in `checkout'
    /usr/lib/ruby/gems/1.8/gems/activerecord-2.2.2/lib/active_record/connection_adapters/abstract/connection_pool.rb:98:in `connection'
    /usr/lib/ruby/gems/1.8/gems/activerecord-2.2.2/lib/active_record/connection_adapters/abstract/connection_pool.rb:326:in `retrieve_connection'
    /usr/lib/ruby/gems/1.8/gems/activerecord-2.2.2/lib/active_record/connection_adapters/abstract/connection_specification.rb:121:in `retrieve_connection'
    /usr/lib/ruby/gems/1.8/gems/activerecord-2.2.2/lib/active_record/connection_adapters/abstract/connection_specification.rb:113:in `connection'
    /usr/lib/ruby/gems/1.8/gems/activerecord-2.2.2/lib/active_record/query_cache.rb:8:in `cache'
    /usr/lib/ruby/gems/1.8/gems/actionpack-2.2.2/lib/action_controller/caching/sql_cache.rb:12:in `passenger_orig_perform_action'
    /home/joey/.gem/ruby/1.8/gems/passenger-2.2.5/lib/phusion_passenger/railz/request_handler.rb:65:in `perform_action'
    /usr/lib/ruby/gems/1.8/gems/actionpack-2.2.2/lib/action_controller/base.rb:524:in `send'
    /usr/lib/ruby/gems/1.8/gems/actionpack-2.2.2/lib/action_controller/base.rb:524:in `process_without_filters'
    /usr/lib/ruby/gems/1.8/gems/actionpack-2.2.2/lib/action_controller/filters.rb:606:in `process_without_session_management_support'
    /usr/lib/ruby/gems/1.8/gems/actionpack-2.2.2/lib/action_controller/session_management.rb:134:in `process'
    /usr/lib/ruby/gems/1.8/gems/actionpack-2.2.2/lib/action_controller/base.rb:392:in `process'
    /usr/lib/ruby/gems/1.8/gems/actionpack-2.2.2/lib/action_controller/dispatcher.rb:183:in `handle_request'
    /usr/lib/ruby/gems/1.8/gems/actionpack-2.2.2/lib/action_controller/dispatcher.rb:110:in `dispatch_unlocked'
    /usr/lib/ruby/gems/1.8/gems/actionpack-2.2.2/lib/action_controller/dispatcher.rb:123:in `dispatch'
    /usr/lib/ruby/gems/1.8/gems/actionpack-2.2.2/lib/action_controller/dispatcher.rb:122:in `synchronize'
    /usr/lib/ruby/gems/1.8/gems/actionpack-2.2.2/lib/action_controller/dispatcher.rb:122:in `dispatch'
    /usr/lib/ruby/gems/1.8/gems/actionpack-2.2.2/lib/action_controller/dispatcher.rb:132:in `dispatch_cgi'
    /usr/lib/ruby/gems/1.8/gems/actionpack-2.2.2/lib/action_controller/dispatcher.rb:39:in `dispatch'
    /home/joey/.gem/ruby/1.8/gems/passenger-2.2.5/lib/phusion_passenger/railz/request_handler.rb:50:in `process_request'
    /home/joey/.gem/ruby/1.8/gems/passenger-2.2.5/lib/phusion_passenger/abstract_request_handler.rb:207:in `main_loop'
    /home/joey/.gem/ruby/1.8/gems/passenger-2.2.5/lib/phusion_passenger/railz/application_spawner.rb:378:in `start_request_handler'
    /home/joey/.gem/ruby/1.8/gems/passenger-2.2.5/lib/phusion_passenger/railz/application_spawner.rb:336:in `handle_spawn_application'
    /home/joey/.gem/ruby/1.8/gems/passenger-2.2.5/lib/phusion_passenger/utils.rb:183:in `safe_fork'
    /home/joey/.gem/ruby/1.8/gems/passenger-2.2.5/lib/phusion_passenger/railz/application_spawner.rb:334:in `handle_spawn_application'
    /home/joey/.gem/ruby/1.8/gems/passenger-2.2.5/lib/phusion_passenger/abstract_server.rb:352:in `__send__'
    /home/joey/.gem/ruby/1.8/gems/passenger-2.2.5/lib/phusion_passenger/abstract_server.rb:352:in `main_loop'
    /home/joey/.gem/ruby/1.8/gems/passenger-2.2.5/lib/phusion_passenger/abstract_server.rb:196:in `start_synchronously'
    /home/joey/.gem/ruby/1.8/gems/passenger-2.2.5/lib/phusion_passenger/abstract_server.rb:163:in `start'
    /home/joey/.gem/ruby/1.8/gems/passenger-2.2.5/lib/phusion_passenger/railz/application_spawner.rb:213:in `start'
    /home/joey/.gem/ruby/1.8/gems/passenger-2.2.5/lib/phusion_passenger/spawn_manager.rb:262:in `spawn_rails_application'
    /home/joey/.gem/ruby/1.8/gems/passenger-2.2.5/lib/phusion_passenger/abstract_server_collection.rb:126:in `lookup_or_add'
    /home/joey/.gem/ruby/1.8/gems/passenger-2.2.5/lib/phusion_passenger/spawn_manager.rb:256:in `spawn_rails_application'
    /home/joey/.gem/ruby/1.8/gems/passenger-2.2.5/lib/phusion_passenger/abstract_server_collection.rb:80:in `synchronize'
    /home/joey/.gem/ruby/1.8/gems/passenger-2.2.5/lib/phusion_passenger/abstract_server_collection.rb:79:in `synchronize'
    /home/joey/.gem/ruby/1.8/gems/passenger-2.2.5/lib/phusion_passenger/spawn_manager.rb:255:in `spawn_rails_application'
    /home/joey/.gem/ruby/1.8/gems/passenger-2.2.5/lib/phusion_passenger/spawn_manager.rb:154:in `spawn_application'
    /home/joey/.gem/ruby/1.8/gems/passenger-2.2.5/lib/phusion_passenger/spawn_manager.rb:287:in `handle_spawn_application'
    /home/joey/.gem/ruby/1.8/gems/passenger-2.2.5/lib/phusion_passenger/abstract_server.rb:352:in `__send__'
    /home/joey/.gem/ruby/1.8/gems/passenger-2.2.5/lib/phusion_passenger/abstract_server.rb:352:in `main_loop'
    /home/joey/.gem/ruby/1.8/gems/passenger-2.2.5/lib/phusion_passenger/abstract_server.rb:196:in `start_synchronously'
    /home/joey/.gem/ruby/1.8/gems/passenger-2.2.5/bin/passenger-spawn-server:61

Rendering /home/joey/ror/chores/public/500.html (500 Internal Server Error)


Processing HomeController#index (for 192.168.2.6 at 2009-11-15 19:06:00) [GET]


Processing HomeController#index (for 192.168.2.6 at 2009-11-15 19:06:00) [GET]


Mysql::Error (Access denied for user 'root'@'localhost' (using password: NO)):
    /usr/lib/ruby/gems/1.8/gems/activerecord-2.2.2/lib/active_record/connection_adapters/mysql_adapter.rb:548:in `real_connect'
    /usr/lib/ruby/gems/1.8/gems/activerecord-2.2.2/lib/active_record/connection_adapters/mysql_adapter.rb:548:in `connect'
    /usr/lib/ruby/gems/1.8/gems/activerecord-2.2.2/lib/active_record/connection_adapters/mysql_adapter.rb:198:in `initialize'
    /usr/lib/ruby/gems/1.8/gems/activerecord-2.2.2/lib/active_record/connection_adapters/mysql_adapter.rb:74:in `new'
    /usr/lib/ruby/gems/1.8/gems/activerecord-2.2.2/lib/active_record/connection_adapters/mysql_adapter.rb:74:in `mysql_connection'
    /usr/lib/ruby/gems/1.8/gems/activerecord-2.2.2/lib/active_record/connection_adapters/abstract/connection_pool.rb:223:in `send'
    /usr/lib/ruby/gems/1.8/gems/activerecord-2.2.2/lib/active_record/connection_adapters/abstract/connection_pool.rb:223:in `new_connection'
    /usr/lib/ruby/gems/1.8/gems/activerecord-2.2.2/lib/active_record/connection_adapters/abstract/connection_pool.rb:245:in `checkout_new_connection'
    /usr/lib/ruby/gems/1.8/gems/activerecord-2.2.2/lib/active_record/connection_adapters/abstract/connection_pool.rb:188:in `checkout'
    /usr/lib/ruby/gems/1.8/gems/activerecord-2.2.2/lib/active_record/connection_adapters/abstract/connection_pool.rb:184:in `loop'
    /usr/lib/ruby/gems/1.8/gems/activerecord-2.2.2/lib/active_record/connection_adapters/abstract/connection_pool.rb:184:in `checkout'
    /usr/lib/ruby/1.8/monitor.rb:242:in `synchronize'
    /usr/lib/ruby/gems/1.8/gems/activerecord-2.2.2/lib/active_record/connection_adapters/abstract/connection_pool.rb:183:in `checkout'
    /usr/lib/ruby/gems/1.8/gems/activerecord-2.2.2/lib/active_record/connection_adapters/abstract/connection_pool.rb:98:in `connection'
    /usr/lib/ruby/gems/1.8/gems/activerecord-2.2.2/lib/active_record/connection_adapters/abstract/connection_pool.rb:326:in `retrieve_connection'
    /usr/lib/ruby/gems/1.8/gems/activerecord-2.2.2/lib/active_record/connection_adapters/abstract/connection_specification.rb:121:in `retrieve_connection'
    /usr/lib/ruby/gems/1.8/gems/activerecord-2.2.2/lib/active_record/connection_adapters/abstract/connection_specification.rb:113:in `connection'
    /usr/lib/ruby/gems/1.8/gems/activerecord-2.2.2/lib/active_record/query_cache.rb:8:in `cache'
    /usr/lib/ruby/gems/1.8/gems/actionpack-2.2.2/lib/action_controller/caching/sql_cache.rb:12:in `passenger_orig_perform_action'
    /home/joey/.gem/ruby/1.8/gems/passenger-2.2.5/lib/phusion_passenger/railz/request_handler.rb:65:in `perform_action'
    /usr/lib/ruby/gems/1.8/gems/actionpack-2.2.2/lib/action_controller/base.rb:524:in `send'
    /usr/lib/ruby/gems/1.8/gems/actionpack-2.2.2/lib/action_controller/base.rb:524:in `process_without_filters'
    /usr/lib/ruby/gems/1.8/gems/actionpack-2.2.2/lib/action_controller/filters.rb:606:in `process_without_session_management_support'
    /usr/lib/ruby/gems/1.8/gems/actionpack-2.2.2/lib/action_controller/session_management.rb:134:in `process'
    /usr/lib/ruby/gems/1.8/gems/actionpack-2.2.2/lib/action_controller/base.rb:392:in `process'
    /usr/lib/ruby/gems/1.8/gems/actionpack-2.2.2/lib/action_controller/dispatcher.rb:183:in `handle_request'
    /usr/lib/ruby/gems/1.8/gems/actionpack-2.2.2/lib/action_controller/dispatcher.rb:110:in `dispatch_unlocked'
    /usr/lib/ruby/gems/1.8/gems/actionpack-2.2.2/lib/action_controller/dispatcher.rb:123:in `dispatch'
    /usr/lib/ruby/gems/1.8/gems/actionpack-2.2.2/lib/action_controller/dispatcher.rb:122:in `synchronize'
    /usr/lib/ruby/gems/1.8/gems/actionpack-2.2.2/lib/action_controller/dispatcher.rb:122:in `dispatch'
    /usr/lib/ruby/gems/1.8/gems/actionpack-2.2.2/lib/action_controller/dispatcher.rb:132:in `dispatch_cgi'
    /usr/lib/ruby/gems/1.8/gems/actionpack-2.2.2/lib/action_controller/dispatcher.rb:39:in `dispatch'
    /home/joey/.gem/ruby/1.8/gems/passenger-2.2.5/lib/phusion_passenger/railz/request_handler.rb:50:in `process_request'
    /home/joey/.gem/ruby/1.8/gems/passenger-2.2.5/lib/phusion_passenger/abstract_request_handler.rb:207:in `main_loop'
    /home/joey/.gem/ruby/1.8/gems/passenger-2.2.5/lib/phusion_passenger/railz/application_spawner.rb:378:in `start_request_handler'
    /home/joey/.gem/ruby/1.8/gems/passenger-2.2.5/lib/phusion_passenger/railz/application_spawner.rb:336:in `handle_spawn_application'
    /home/joey/.gem/ruby/1.8/gems/passenger-2.2.5/lib/phusion_passenger/utils.rb:183:in `safe_fork'
    /home/joey/.gem/ruby/1.8/gems/passenger-2.2.5/lib/phusion_passenger/railz/application_spawner.rb:334:in `handle_spawn_application'
    /home/joey/.gem/ruby/1.8/gems/passenger-2.2.5/lib/phusion_passenger/abstract_server.rb:352:in `__send__'
    /home/joey/.gem/ruby/1.8/gems/passenger-2.2.5/lib/phusion_passenger/abstract_server.rb:352:in `main_loop'
    /home/joey/.gem/ruby/1.8/gems/passenger-2.2.5/lib/phusion_passenger/abstract_server.rb:196:in `start_synchronously'
    /home/joey/.gem/ruby/1.8/gems/passenger-2.2.5/lib/phusion_passenger/abstract_server.rb:163:in `start'
    /home/joey/.gem/ruby/1.8/gems/passenger-2.2.5/lib/phusion_passenger/railz/application_spawner.rb:213:in `start'
    /home/joey/.gem/ruby/1.8/gems/passenger-2.2.5/lib/phusion_passenger/spawn_manager.rb:262:in `spawn_rails_application'
    /home/joey/.gem/ruby/1.8/gems/passenger-2.2.5/lib/phusion_passenger/abstract_server_collection.rb:126:in `lookup_or_add'
    /home/joey/.gem/ruby/1.8/gems/passenger-2.2.5/lib/phusion_passenger/spawn_manager.rb:256:in `spawn_rails_application'
    /home/joey/.gem/ruby/1.8/gems/passenger-2.2.5/lib/phusion_passenger/abstract_server_collection.rb:80:in `synchronize'
    /home/joey/.gem/ruby/1.8/gems/passenger-2.2.5/lib/phusion_passenger/abstract_server_collection.rb:79:in `synchronize'
    /home/joey/.gem/ruby/1.8/gems/passenger-2.2.5/lib/phusion_passenger/spawn_manager.rb:255:in `spawn_rails_application'
    /home/joey/.gem/ruby/1.8/gems/passenger-2.2.5/lib/phusion_passenger/spawn_manager.rb:154:in `spawn_application'
    /home/joey/.gem/ruby/1.8/gems/passenger-2.2.5/lib/phusion_passenger/spawn_manager.rb:287:in `handle_spawn_application'
    /home/joey/.gem/ruby/1.8/gems/passenger-2.2.5/lib/phusion_passenger/abstract_server.rb:352:in `__send__'
    /home/joey/.gem/ruby/1.8/gems/passenger-2.2.5/lib/phusion_passenger/abstract_server.rb:352:in `main_loop'
    /home/joey/.gem/ruby/1.8/gems/passenger-2.2.5/lib/phusion_passenger/abstract_server.rb:196:in `start_synchronously'
    /home/joey/.gem/ruby/1.8/gems/passenger-2.2.5/bin/passenger-spawn-server:61

Rendering /home/joey/ror/chores/public/500.html (500 Internal Server Error)
